C:\USERS\CHARLES\DOCUMENTS\GITHUB\HARDESBLACKJACK\CONSOLE_CARDS_WINDOWS\DEBUG\BLACKJACK.OBJ
C:\USERS\CHARLES\DOCUMENTS\GITHUB\HARDESBLACKJACK\CONSOLE_CARDS_WINDOWS\DEBUG\BLACKJACK_HANDS.OBJ
C:\USERS\CHARLES\DOCUMENTS\GITHUB\HARDESBLACKJACK\CONSOLE_CARDS_WINDOWS\DEBUG\BLACKJACK_PLAYERS.OBJ
C:\USERS\CHARLES\DOCUMENTS\GITHUB\HARDESBLACKJACK\CONSOLE_CARDS_WINDOWS\DEBUG\BLACKJACK_TABLE.OBJ
C:\USERS\CHARLES\DOCUMENTS\GITHUB\HARDESBLACKJACK\CONSOLE_CARDS_WINDOWS\DEBUG\BLACKJACK_TEST.OBJ
C:\USERS\CHARLES\DOCUMENTS\GITHUB\HARDESBLACKJACK\CONSOLE_CARDS_WINDOWS\DEBUG\CARDS.OBJ
C:\USERS\CHARLES\DOCUMENTS\GITHUB\HARDESBLACKJACK\CONSOLE_CARDS_WINDOWS\DEBUG\CARDS_SUITS.OBJ
C:\USERS\CHARLES\DOCUMENTS\GITHUB\HARDESBLACKJACK\CONSOLE_CARDS_WINDOWS\DEBUG\CARDS_VALUES.OBJ
C:\Users\Charles\Documents\GitHub\HardesBlackJack\Console_Cards_Windows\Debug\cl.command.1.tlog
C:\Users\Charles\Documents\GitHub\HardesBlackJack\Console_Cards_Windows\Debug\CL.read.1.tlog
C:\Users\Charles\Documents\GitHub\HardesBlackJack\Console_Cards_Windows\Debug\CL.write.1.tlog
C:\USERS\CHARLES\DOCUMENTS\GITHUB\HARDESBLACKJACK\CONSOLE_CARDS_WINDOWS\DEBUG\DECKS.OBJ
C:\USERS\CHARLES\DOCUMENTS\GITHUB\HARDESBLACKJACK\CONSOLE_CARDS_WINDOWS\DEBUG\HARDESBLACKJACK.EXE
C:\USERS\CHARLES\DOCUMENTS\GITHUB\HARDESBLACKJACK\CONSOLE_CARDS_WINDOWS\DEBUG\HARDESBLACKJACK.EXE.EMBED.MANIFEST
C:\USERS\CHARLES\DOCUMENTS\GITHUB\HARDESBLACKJACK\CONSOLE_CARDS_WINDOWS\DEBUG\HARDESBLACKJACK.EXE.EMBED.MANIFEST.RES
C:\USERS\CHARLES\DOCUMENTS\GITHUB\HARDESBLACKJACK\CONSOLE_CARDS_WINDOWS\DEBUG\HARDESBLACKJACK.EXE.INTERMEDIATE.MANIFEST
C:\USERS\CHARLES\DOCUMENTS\GITHUB\HARDESBLACKJACK\CONSOLE_CARDS_WINDOWS\DEBUG\HARDESBLACKJACK.ILK
C:\USERS\CHARLES\DOCUMENTS\GITHUB\HARDESBLACKJACK\CONSOLE_CARDS_WINDOWS\DEBUG\HARDESBLACKJACK.PDB
C:\Users\Charles\Documents\GitHub\HardesBlackJack\Console_Cards_Windows\Debug\HardesBlackJack.write.1.tlog
C:\Users\Charles\Documents\GitHub\HardesBlackJack\Console_Cards_Windows\Debug\HardesBlackJack_manifest.rc
C:\Users\Charles\Documents\GitHub\HardesBlackJack\Console_Cards_Windows\Debug\link.11044.read.1.tlog
C:\Users\Charles\Documents\GitHub\HardesBlackJack\Console_Cards_Windows\Debug\link.11044.write.1.tlog
C:\Users\Charles\Documents\GitHub\HardesBlackJack\Console_Cards_Windows\Debug\link.11044-cvtres.read.1.tlog
C:\Users\Charles\Documents\GitHub\HardesBlackJack\Console_Cards_Windows\Debug\link.11044-cvtres.write.1.tlog
C:\Users\Charles\Documents\GitHub\HardesBlackJack\Console_Cards_Windows\Debug\link.command.1.tlog
C:\Users\Charles\Documents\GitHub\HardesBlackJack\Console_Cards_Windows\Debug\link.read.1.tlog
C:\Users\Charles\Documents\GitHub\HardesBlackJack\Console_Cards_Windows\Debug\link.write.1.tlog
C:\Users\Charles\Documents\GitHub\HardesBlackJack\Console_Cards_Windows\Debug\link-cvtres.read.1.tlog
C:\Users\Charles\Documents\GitHub\HardesBlackJack\Console_Cards_Windows\Debug\link-cvtres.write.1.tlog
C:\Users\Charles\Documents\GitHub\HardesBlackJack\Console_Cards_Windows\Debug\mt.command.1.tlog
C:\Users\Charles\Documents\GitHub\HardesBlackJack\Console_Cards_Windows\Debug\mt.read.1.tlog
C:\Users\Charles\Documents\GitHub\HardesBlackJack\Console_Cards_Windows\Debug\mt.write.1.tlog
C:\Users\Charles\Documents\GitHub\HardesBlackJack\Console_Cards_Windows\Debug\rc.command.1.tlog
C:\Users\Charles\Documents\GitHub\HardesBlackJack\Console_Cards_Windows\Debug\rc.read.1.tlog
C:\Users\Charles\Documents\GitHub\HardesBlackJack\Console_Cards_Windows\Debug\rc.write.1.tlog
C:\Users\Charles\Documents\GitHub\HardesBlackJack\Console_Cards_Windows\Debug\vc100.idb
C:\USERS\CHARLES\DOCUMENTS\GITHUB\HARDESBLACKJACK\CONSOLE_CARDS_WINDOWS\DEBUG\VC100.PDB
