Build started 6/12/2016 2:17:42 PM.
     1>Project "C:\cygwin64\home\Gerald\HardesBlackJack\Console_Cards_Windows\HardesBlackJack.vcxproj" on node 2 (Build target(s)).
     1>ClCompile:
         C:\Program Files (x86)\Microsoft Visual Studio 11.0\VC\bin\CL.exe /c /Zi /nologo /W3 /WX- /Od /Oy- /D WIN32 /D _DEBUG /D _CONSOLE /D _UNICODE /D UNICODE /Gm /EHsc /RTC1 /MDd /GS /fp:precise /Zc:wchar_t /Zc:forScope /Fo"Debug\\" /Fd"Debug\vc110.pdb" /Gd /TC /analyze- /errorReport:prompt blackjack_GUI.c
         blackjack_GUI.c
       Link:
         C:\Program Files (x86)\Microsoft Visual Studio 11.0\VC\bin\link.exe /ERRORREPORT:PROMPT /OUT:"C:\cygwin64\home\Gerald\HardesBlackJack\Console_Cards_Windows\Debug\HardesBlackJack.exe" /INCREMENTAL /NOLOGO kernel32.lib user32.lib gdi32.lib winspool.lib comdlg32.lib advapi32.lib shell32.lib ole32.lib oleaut32.lib uuid.lib odbc32.lib odbccp32.lib /MANIFEST /MANIFESTUAC:"level='asInvoker' uiAccess='false'" /manifest:embed /DEBUG /PDB:"C:\cygwin64\home\Gerald\HardesBlackJack\Console_Cards_Windows\Debug\HardesBlackJack.pdb" /SUBSYSTEM:CONSOLE /TLBID:1 /DYNAMICBASE /NXCOMPAT /IMPLIB:"C:\cygwin64\home\Gerald\HardesBlackJack\Console_Cards_Windows\Debug\HardesBlackJack.lib" /MACHINE:X86 Debug\blackjack.obj
         Debug\blackjack_CLI.obj
         Debug\blackjack_GUI.obj
         Debug\blackjack_hands.obj
         Debug\blackjack_players.obj
         Debug\blackjack_table.obj
         Debug\blackjack_run.obj
         Debug\blackjack_UIX.obj
         Debug\cards.obj
         Debug\cards_suits.obj
         Debug\cards_values.obj
         Debug\decks.obj
         HardesBlackJack.vcxproj -> C:\cygwin64\home\Gerald\HardesBlackJack\Console_Cards_Windows\Debug\HardesBlackJack.exe
     1>Done Building Project "C:\cygwin64\home\Gerald\HardesBlackJack\Console_Cards_Windows\HardesBlackJack.vcxproj" (Build target(s)).

Build succeeded.

Time Elapsed 00:00:02.55
